  CreateResources.cpp
  CustomFunction.cpp
  Default.cpp
  DemoApp.cpp
C:\Users\LInDaSoo\source\repos\milk717\game-programming\DemoApp.cpp(220,6): warning C4244: '인수': 'int'에서 'FLOAT'(으)로 변환하면서 데이터가 손실될 수 있습니다.
C:\Users\LInDaSoo\source\repos\milk717\game-programming\DemoApp.cpp(253): warning C4238: 비표준 확장이 사용됨: 클래스 rvalue를 lvalue로 사용했습니다.
C:\Users\LInDaSoo\source\repos\milk717\game-programming\DemoApp.cpp(308,36): warning C4244: '인수': 'double'에서 'FLOAT'(으)로 변환하면서 데이터가 손실될 수 있습니다.
C:\Users\LInDaSoo\source\repos\milk717\game-programming\DemoApp.cpp(312): warning C4238: 비표준 확장이 사용됨: 클래스 rvalue를 lvalue로 사용했습니다.
C:\Users\LInDaSoo\source\repos\milk717\game-programming\DemoApp.cpp(319,24): warning C4456: 'size' 선언은 이전 로컬 선언을 숨깁니다.
C:\Users\LInDaSoo\source\repos\milk717\game-programming\DemoApp.cpp(293,15): message : 'size' 선언을 참조하십시오.
C:\Users\LInDaSoo\source\repos\milk717\game-programming\DemoApp.cpp(253,42): warning C4238: 비표준 확장이 사용됨: 클래스 rvalue를 lvalue로 사용했습니다.
C:\Users\LInDaSoo\source\repos\milk717\game-programming\DemoApp.cpp(312,41): warning C4238: 비표준 확장이 사용됨: 클래스 rvalue를 lvalue로 사용했습니다.
C:\Users\LInDaSoo\source\repos\milk717\game-programming\DemoApp.cpp(391,13): warning C4244: 'return': 'double'에서 'float'(으)로 변환하면서 데이터가 손실될 수 있습니다.
  Sound.cpp
  SoundManager.cpp
C:\Users\LInDaSoo\source\repos\milk717\game-programming\SoundManager.cpp(217,36): warning C4458: 'pDSBPrimary' 선언은 클래스 멤버를 숨깁니다.
C:\Users\LInDaSoo\source\repos\milk717\game-programming\SoundManager.h(63,22): message : 'CSoundManager::pDSBPrimary' 선언을 참조하십시오.
  코드를 생성하고 있습니다...
  LINK : Debug\DemoApp.exe을(를) 찾을 수 없거나 마지막 증분 링크에 의해 빌드되지 않았습니다. 전체 링크를 수행하고 있습니다.
  DemoApp.vcxproj -> C:\Users\LInDaSoo\source\repos\milk717\game-programming\Debug\DemoApp.exe
